18-04-2023 23:52:53.690 [Gauge] [DEBUG] Created gauge_screenshots_dir at C:\Users\testinium\projeler\HepsiburadaOzgeAlkan\.gauge\screenshots
18-04-2023 23:52:53.724 [Gauge] [DEBUG] Plugin java is already installed.
18-04-2023 23:52:53.744 [Gauge] [DEBUG] Plugin html-report is already installed.
18-04-2023 23:52:53.748 [Gauge] [DEBUG] Parsing started.
18-04-2023 23:52:53.749 [Gauge] [DEBUG] Started concepts parsing.
18-04-2023 23:52:53.780 [Gauge] [ERROR] Concept parse failure: C:\Users\testinium\projeler\HepsiburadaOzgeAlkan\specs\Concepts\favoriler.cpt C:\Users\testinium\projeler\HepsiburadaOzgeAlkan\specs\Concepts\favoriler.cpt:2 Step should not be blank => ''
18-04-2023 23:52:53.780 [Gauge] [ERROR] Concept parse failure: C:\Users\testinium\projeler\HepsiburadaOzgeAlkan\specs\Concepts\favoriler.cpt C:\Users\testinium\projeler\HepsiburadaOzgeAlkan\specs\Concepts\login.cpt:1 Duplicate concept definition found => 'Favoriler sekmesine gitme'
18-04-2023 23:52:53.781 [Gauge] [ERROR] Concept parse failure: C:\Users\testinium\projeler\HepsiburadaOzgeAlkan\specs\Concepts\favoriler.cpt C:\Users\testinium\projeler\HepsiburadaOzgeAlkan\specs\Concepts\favoriler.cpt:1 Duplicate concept definition found => 'Favoriler sekmesine gitme'
18-04-2023 23:52:53.781 [Gauge] [ERROR] [ParseError] C:\Users\testinium\projeler\HepsiburadaOzgeAlkan\specs\Concepts\favoriler.cpt:2 Step should not be blank => ''
18-04-2023 23:52:53.781 [Gauge] [ERROR] [ParseError] C:\Users\testinium\projeler\HepsiburadaOzgeAlkan\specs\Concepts\login.cpt:1 Duplicate concept definition found => 'Favoriler sekmesine gitme'
18-04-2023 23:52:53.781 [Gauge] [ERROR] [ParseError] C:\Users\testinium\projeler\HepsiburadaOzgeAlkan\specs\Concepts\favoriler.cpt:1 Duplicate concept definition found => 'Favoriler sekmesine gitme'
18-04-2023 23:52:53.781 [Gauge] [DEBUG] 1 concepts parsing completed.
18-04-2023 23:52:53.781 [Gauge] [DEBUG] Started specifications parsing.
18-04-2023 23:52:53.794 [Gauge] [DEBUG] 1 specifications parsing completed.
18-04-2023 23:52:53.796 [Gauge] [DEBUG] Parsing completed.
18-04-2023 23:52:54.307 [Gauge] [DEBUG] Checking updates...
18-04-2023 23:52:54.309 [Gauge] [DEBUG] Downloading https://downloads.gauge.org/plugin/html-report?l=java&p=html-report,java,screenshot,spectacle&o=windows&a=amd64
18-04-2023 23:52:55.189 [Gauge] [DEBUG] Downloading https://downloads.gauge.org/plugin/java?l=java&p=html-report,java,screenshot,spectacle&o=windows&a=amd64
18-04-2023 23:52:55.371 [Gauge] [DEBUG] Downloading https://downloads.gauge.org/plugin/screenshot?l=java&p=html-report,java,screenshot,spectacle&o=windows&a=amd64
18-04-2023 23:52:55.615 [Gauge] [DEBUG] Downloading https://downloads.gauge.org/plugin/spectacle?l=java&p=html-report,java,screenshot,spectacle&o=windows&a=amd64
18-04-2023 23:52:55.762 [java] [DEBUG] ***** Printing Properties/Env Values *****
18-04-2023 23:52:55.763 [java] [DEBUG] PATH: C:\Program Files (x86)\Common Files\Oracle\Java\javapath;C:\WINDOWS\system32;C:\WINDOWS;C:\WINDOWS\System32\Wbem;C:\WINDOWS\System32\WindowsPowerShell\v1.0\;C:\WINDOWS\System32\OpenSSH\;C:\Program Files\apache-maven-3.9.1\bin;C:\Program Files\Gauge\bin;C:\Program Files\Git\cmd;C:\Program Files\nodejs\;C:\Program Files (x86)\Micro Focus\Unified Functional Testing\bin;C:\Users\testinium\AppData\Local\Microsoft\WindowsApps;C:\Users\testinium\AppData\Roaming\npm;C:\Users\testinium\AppData\Roaming\gauge\plugins\screenshot\0.1.0
18-04-2023 23:52:55.763 [java] [DEBUG] JAVA_HOME: C:\Program Files\Java\jdk1.8.0_361
18-04-2023 23:52:55.763 [java] [DEBUG] gauge_project_root: C:\Users\testinium\projeler\HepsiburadaOzgeAlkan
18-04-2023 23:52:55.763 [java] [DEBUG] gauge_parallel_streams_count: 8
18-04-2023 23:52:55.763 [java] [DEBUG] gauge_reports_dir: reports
18-04-2023 23:52:55.763 [java] [DEBUG] overwrite_reports: true
18-04-2023 23:52:55.763 [java] [DEBUG] logs_directory: logs
18-04-2023 23:52:55.763 [java] [DEBUG] enable_multithreading: 
18-04-2023 23:52:55.763 [java] [DEBUG] gauge_specs_dir: specs
18-04-2023 23:52:55.763 [java] [DEBUG] csv_delimiter: ,
18-04-2023 23:52:55.763 [java] [DEBUG] gauge_java_home: 
18-04-2023 23:52:55.763 [java] [DEBUG] gauge_custom_build_path: 
18-04-2023 23:52:55.763 [java] [DEBUG] gauge_additional_libs: 
18-04-2023 23:52:55.763 [java] [DEBUG] gauge_jvm_args: 
18-04-2023 23:52:55.763 [java] [DEBUG] gauge_custom_compile_dir: 
18-04-2023 23:52:55.767 [java] [DEBUG] gauge_clear_state_level: 
18-04-2023 23:52:55.767 [java] [DEBUG] ***** END *****
18-04-2023 23:53:04.613 [java] [ERROR] exit status 1
18-04-2023 23:53:04.614 [java] [ERROR] Installed version of gauge-java (0.9.1) does not match with dependency gauge-java () specified in pom.xml file
18-04-2023 23:53:04.615 [java] [DEBUG] classpath set to C:\Program Files\Java\jdk1.8.0_361\jre\lib\charsets.jar;C:\Program Files\Java\jdk1.8.0_361\jre\lib\deploy.jar;C:\Program Files\Java\jdk1.8.0_361\jre\lib\ext\access-bridge-64.jar;C:\Program Files\Java\jdk1.8.0_361\jre\lib\ext\cldrdata.jar;C:\Program Files\Java\jdk1.8.0_361\jre\lib\ext\dnsns.jar;C:\Program Files\Java\jdk1.8.0_361\jre\lib\ext\jaccess.jar;C:\Program Files\Java\jdk1.8.0_361\jre\lib\ext\jfxrt.jar;C:\Program Files\Java\jdk1.8.0_361\jre\lib\ext\localedata.jar;C:\Program Files\Java\jdk1.8.0_361\jre\lib\ext\nashorn.jar;C:\Program Files\Java\jdk1.8.0_361\jre\lib\ext\sunec.jar;C:\Program Files\Java\jdk1.8.0_361\jre\lib\ext\sunjce_provider.jar;C:\Program Files\Java\jdk1.8.0_361\jre\lib\ext\sunmscapi.jar;C:\Program Files\Java\jdk1.8.0_361\jre\lib\ext\sunpkcs11.jar;C:\Program Files\Java\jdk1.8.0_361\jre\lib\ext\zipfs.jar;C:\Program Files\Java\jdk1.8.0_361\jre\lib\javaws.jar;C:\Program Files\Java\jdk1.8.0_361\jre\lib\jce.jar;C:\Program Files\Java\jdk1.8.0_361\jre\lib\jfr.jar;C:\Program Files\Java\jdk1.8.0_361\jre\lib\jfxswt.jar;C:\Program Files\Java\jdk1.8.0_361\jre\lib\jsse.jar;C:\Program Files\Java\jdk1.8.0_361\jre\lib\management-agent.jar;C:\Program Files\Java\jdk1.8.0_361\jre\lib\plugin.jar;C:\Program Files\Java\jdk1.8.0_361\jre\lib\resources.jar;C:\Program Files\Java\jdk1.8.0_361\jre\lib\rt.jar;C:\Users\testinium\projeler\HepsiburadaOzgeAlkan\target\test-classes;C:\Users\testinium\.m2\repository\org\apache\logging\log4j\log4j-api\2.17.1\log4j-api-2.17.1.jar;C:\Users\testinium\.m2\repository\org\apache\logging\log4j\log4j-core\2.17.1\log4j-core-2.17.1.jar;C:\Users\testinium\.m2\repository\org\seleniumhq\selenium\selenium-java\3.141.59\selenium-java-3.141.59.jar;C:\Users\testinium\.m2\repository\org\seleniumhq\selenium\selenium-api\3.141.59\selenium-api-3.141.59.jar;C:\Users\testinium\.m2\repository\org\seleniumhq\selenium\selenium-chrome-driver\3.141.59\selenium-chrome-driver-3.141.59.jar;C:\Users\testinium\.m2\repository\org\seleniumhq\selenium\selenium-edge-driver\3.141.59\selenium-edge-driver-3.141.59.jar;C:\Users\testinium\.m2\repository\org\seleniumhq\selenium\selenium-firefox-driver\3.141.59\selenium-firefox-driver-3.141.59.jar;C:\Users\testinium\.m2\repository\org\seleniumhq\selenium\selenium-ie-driver\3.141.59\selenium-ie-driver-3.141.59.jar;C:\Users\testinium\.m2\repository\org\seleniumhq\selenium\selenium-opera-driver\3.141.59\selenium-opera-driver-3.141.59.jar;C:\Users\testinium\.m2\repository\org\seleniumhq\selenium\selenium-remote-driver\3.141.59\selenium-remote-driver-3.141.59.jar;C:\Users\testinium\.m2\repository\org\seleniumhq\selenium\selenium-safari-driver\3.141.59\selenium-safari-driver-3.141.59.jar;C:\Users\testinium\.m2\repository\org\seleniumhq\selenium\selenium-support\3.141.59\selenium-support-3.141.59.jar;C:\Users\testinium\.m2\repository\net\bytebuddy\byte-buddy\1.8.15\byte-buddy-1.8.15.jar;C:\Users\testinium\.m2\repository\org\apache\commons\commons-exec\1.3\commons-exec-1.3.jar;C:\Users\testinium\.m2\repository\com\google\guava\guava\25.0-jre\guava-25.0-jre.jar;C:\Users\testinium\.m2\repository\com\google\code\findbugs\jsr305\1.3.9\jsr305-1.3.9.jar;C:\Users\testinium\.m2\repository\org\checkerframework\checker-compat-qual\2.0.0\checker-compat-qual-2.0.0.jar;C:\Users\testinium\.m2\repository\com\google\errorprone\error_prone_annotations\2.1.3\error_prone_annotations-2.1.3.jar;C:\Users\testinium\.m2\repository\com\google\j2objc\j2objc-annotations\1.1\j2objc-annotations-1.1.jar;C:\Users\testinium\.m2\repository\org\codehaus\mojo\animal-sniffer-annotations\1.14\animal-sniffer-annotations-1.14.jar;C:\Users\testinium\.m2\repository\com\squareup\okhttp3\okhttp\3.11.0\okhttp-3.11.0.jar;C:\Users\testinium\.m2\repository\com\squareup\okio\okio\1.14.0\okio-1.14.0.jar;C:\Users\testinium\.m2\repository\org\slf4j\slf4j-log4j12\1.7.30\slf4j-log4j12-1.7.30.jar;C:\Users\testinium\.m2\repository\log4j\log4j\1.2.17\log4j-1.2.17.jar;C:\Users\testinium\.m2\repository\org\slf4j\slf4j-api\1.7.30\slf4j-api-1.7.30.jar;C:\Users\testinium\.m2\repository\org\junit\jupiter\junit-jupiter-engine\5.1.0\junit-jupiter-engine-5.1.0.jar;C:\Users\testinium\.m2\repository\org\apiguardian\apiguardian-api\1.0.0\apiguardian-api-1.0.0.jar;C:\Users\testinium\.m2\repository\org\junit\platform\junit-platform-engine\1.1.0\junit-platform-engine-1.1.0.jar;C:\Users\testinium\.m2\repository\org\junit\platform\junit-platform-commons\1.1.0\junit-platform-commons-1.1.0.jar;C:\Users\testinium\.m2\repository\org\opentest4j\opentest4j\1.0.0\opentest4j-1.0.0.jar;C:\Users\testinium\.m2\repository\org\junit\jupiter\junit-jupiter-api\5.1.0\junit-jupiter-api-5.1.0.jar;C:\Users\testinium\.m2\repository\com\thoughtworks\gauge\gauge-java\0.7.15\gauge-java-0.7.15.jar;C:\Users\testinium\.m2\repository\org\assertj\assertj-core\3.19.0\assertj-core-3.19.0.jar;C:\Users\testinium\.m2\repository\org\reflections\reflections\0.9.9\reflections-0.9.9.jar;C:\Users\testinium\.m2\repository\org\javassist\javassist\3.18.2-GA\javassist-3.18.2-GA.jar;C:\Users\testinium\.m2\repository\com\google\code\findbugs\annotations\2.0.1\annotations-2.0.1.jar;C:\Users\testinium\.m2\repository\com\github\javaparser\javaparser-core\3.16.3\javaparser-core-3.16.3.jar;C:\Users\testinium\.m2\repository\commons-io\commons-io\2.8.0\commons-io-2.8.0.jar;C:\Users\testinium\.m2\repository\commons-lang\commons-lang\2.6\commons-lang-2.6.jar;C:\Users\testinium\.m2\repository\org\json\json\20210307\json-20210307.jar;C:\Users\testinium\.m2\repository\com\google\protobuf\protobuf-java\3.15.8\protobuf-java-3.15.8.jar;C:\Users\testinium\.m2\repository\io\grpc\grpc-netty-shaded\1.37.0\grpc-netty-shaded-1.37.0.jar;C:\Users\testinium\.m2\repository\io\grpc\grpc-core\1.37.0\grpc-core-1.37.0.jar;C:\Users\testinium\.m2\repository\com\google\android\annotations\4.1.1.4\annotations-4.1.1.4.jar;C:\Users\testinium\.m2\repository\io\perfmark\perfmark-api\0.23.0\perfmark-api-0.23.0.jar;C:\Users\testinium\.m2\repository\io\grpc\grpc-protobuf\1.37.0\grpc-protobuf-1.37.0.jar;C:\Users\testinium\.m2\repository\io\grpc\grpc-api\1.37.0\grpc-api-1.37.0.jar;C:\Users\testinium\.m2\repository\io\grpc\grpc-context\1.37.0\grpc-context-1.37.0.jar;C:\Users\testinium\.m2\repository\com\google\api\grpc\proto-google-common-protos\2.0.1\proto-google-common-protos-2.0.1.jar;C:\Users\testinium\.m2\repository\io\grpc\grpc-protobuf-lite\1.37.0\grpc-protobuf-lite-1.37.0.jar;C:\Users\testinium\.m2\repository\io\grpc\grpc-stub\1.37.0\grpc-stub-1.37.0.jar;C:\Users\testinium\.m2\repository\javax\annotation\javax.annotation-api\1.3.2\javax.annotation-api-1.3.2.jar;C:\Users\testinium\.m2\repository\io\appium\java-client\7.0.0\java-client-7.0.0.jar;C:\Users\testinium\.m2\repository\com\google\code\gson\gson\2.8.5\gson-2.8.5.jar;C:\Users\testinium\.m2\repository\org\apache\httpcomponents\httpclient\4.5.6\httpclient-4.5.6.jar;C:\Users\testinium\.m2\repository\org\apache\httpcomponents\httpcore\4.4.10\httpcore-4.4.10.jar;C:\Users\testinium\.m2\repository\commons-logging\commons-logging\1.2\commons-logging-1.2.jar;C:\Users\testinium\.m2\repository\commons-codec\commons-codec\1.10\commons-codec-1.10.jar;C:\Users\testinium\.m2\repository\cglib\cglib\3.2.8\cglib-3.2.8.jar;C:\Users\testinium\.m2\repository\org\ow2\asm\asm\6.2.1\asm-6.2.1.jar;C:\Users\testinium\.m2\repository\org\apache\ant\ant\1.10.3\ant-1.10.3.jar;C:\Users\testinium\.m2\repository\org\apache\ant\ant-launcher\1.10.3\ant-launcher-1.10.3.jar;C:\Users\testinium\.m2\repository\commons-validator\commons-validator\1.6\commons-validator-1.6.jar;C:\Users\testinium\.m2\repository\commons-beanutils\commons-beanutils\1.9.2\commons-beanutils-1.9.2.jar;C:\Users\testinium\.m2\repository\commons-digester\commons-digester\1.8.1\commons-digester-1.8.1.jar;C:\Users\testinium\.m2\repository\commons-collections\commons-collections\3.2.2\commons-collections-3.2.2.jar;C:\Users\testinium\.m2\repository\org\apache\commons\commons-lang3\3.8\commons-lang3-3.8.jar;C:\Users\testinium\.m2\repository\org\springframework\spring-context\5.1.0.RELEASE\spring-context-5.1.0.RELEASE.jar;C:\Users\testinium\.m2\repository\org\springframework\spring-aop\5.1.0.RELEASE\spring-aop-5.1.0.RELEASE.jar;C:\Users\testinium\.m2\repository\org\springframework\spring-beans\5.1.0.RELEASE\spring-beans-5.1.0.RELEASE.jar;C:\Users\testinium\.m2\repository\org\springframework\spring-core\5.1.0.RELEASE\spring-core-5.1.0.RELEASE.jar;C:\Users\testinium\.m2\repository\org\springframework\spring-jcl\5.1.0.RELEASE\spring-jcl-5.1.0.RELEASE.jar;C:\Users\testinium\.m2\repository\org\springframework\spring-expression\5.1.0.RELEASE\spring-expression-5.1.0.RELEASE.jar;C:\Users\testinium\.m2\repository\org\aspectj\aspectjweaver\1.9.1\aspectjweaver-1.9.1.jar;C:\Users\testinium\.m2\repository\junit\junit\4.13.2\junit-4.13.2.jar;C:\Users\testinium\.m2\repository\org\hamcrest\hamcrest-core\1.3\hamcrest-core-1.3.jar;C:\Users\testinium\.m2\repository\org\testng\testng\6.14.3\testng-6.14.3.jar;C:\Users\testinium\.m2\repository\com\beust\jcommander\1.72\jcommander-1.72.jar;C:\Users\testinium\.m2\repository\org\apache-extras\beanshell\bsh\2.0b6\bsh-2.0b6.jar
18-04-2023 23:53:04.729 [java] [DEBUG] found java executable in C:\Program Files\Java\jdk1.8.0_361\jre\bin\java.exe
18-04-2023 23:53:04.729 [java] [DEBUG] running - C:\Program Files\Java\jdk1.8.0_361\jre\bin\java.exe [-Dfile.encoding=UTF-8 com.thoughtworks.gauge.GaugeRuntime --start]
18-04-2023 23:53:04.729 [java] [DEBUG] stdout/stderr is logged to logs\13532-java.exe.out
18-04-2023 23:53:05.322 [java] [DEBUG] multithreading is set to false
18-04-2023 23:53:06.315 [java] [DEBUG] Using reflection to scan dependencies for gauge implementations...
18-04-2023 23:53:06.631 [java] [ERROR] log4j:WARN No appenders could be found for logger (io.grpc.netty.shaded.io.netty.util.internal.logging.InternalLoggerFactory).
18-04-2023 23:53:06.631 [java] [ERROR] log4j:WARN Please initialize the log4j system properly.
18-04-2023 23:53:06.631 [java] [ERROR] log4j:WARN See http://logging.apache.org/log4j/1.2/faq.html#noconfig for more info.
18-04-2023 23:53:08.344 [java] [DEBUG] gauge-java took 3000milliseconds to load and scan. This should be less than 'runner_connection_timeout' config value.
18-04-2023 23:53:08.345 [java] [DEBUG] run 'gauge config runner_connection_timeout' and verify that it is < 3000
18-04-2023 23:53:08.345 [java] [DEBUG] starting gRPC server...
18-04-2023 23:53:10.075 [java] [DEBUG] started gRPC server on port 50877
18-04-2023 23:53:10.076 [Gauge] [DEBUG] Attempting to connect to grpc server at port: 50877
18-04-2023 23:53:10.940 [Gauge] [DEBUG] Successfully made the connection with runner with port: 50877
18-04-2023 23:53:10.943 [Gauge] [DEBUG] Validation started.
18-04-2023 23:53:16.838 [java] [DEBUG] Scanning packages for steps
18-04-2023 23:53:17.046 [java] [DEBUG] Comparing 'org.example.StepImplementation.click' and 'org.example.StepImplementation.click'
18-04-2023 23:53:17.047 [java] [DEBUG] Found {} id'li elemente tikla in current project scope.
18-04-2023 23:53:17.047 [java] [DEBUG] Comparing 'org.example.StepImplementation.clickAcceptbutton' and 'org.example.StepImplementation.clickAcceptbutton'
18-04-2023 23:53:17.047 [java] [DEBUG] Found {} id'li element varsa tikla in current project scope.
18-04-2023 23:53:17.048 [java] [DEBUG] Comparing 'org.example.StepImplementation.waitForsecond' and 'org.example.StepImplementation.waitForsecond'
18-04-2023 23:53:17.048 [java] [DEBUG] Found {} saniye kadar bekle in current project scope.
18-04-2023 23:53:17.048 [java] [DEBUG] Comparing 'org.example.StepImplementation.getTextListId' and 'org.example.StepImplementation.getTextListId'
18-04-2023 23:53:17.048 [java] [DEBUG] Found {} id'li elementin text degeri bir dizine at in current project scope.
18-04-2023 23:53:17.049 [java] [DEBUG] Comparing 'org.example.StepImplementation.compareList' and 'org.example.StepImplementation.compareList'
18-04-2023 23:53:17.049 [java] [DEBUG] Found string listenin iki elementinin esit oldugunu kontrol et in current project scope.
18-04-2023 23:53:17.049 [java] [DEBUG] Comparing 'org.example.StepImplementation.sendKeys' and 'org.example.StepImplementation.sendKeys'
18-04-2023 23:53:17.049 [java] [DEBUG] Found {} id'li elemente {} text degerini gonder in current project scope.
18-04-2023 23:53:17.050 [java] [DEBUG] Comparing 'org.example.StepImplementation.getTextList' and 'org.example.StepImplementation.getTextList'
18-04-2023 23:53:17.050 [java] [DEBUG] Found {} elementin text degeri bir dizine at in current project scope.
18-04-2023 23:53:17.050 [java] [DEBUG] Comparing 'org.example.StepImplementation.findByKeyWithSwipe' and 'org.example.StepImplementation.findByKeyWithSwipe'
18-04-2023 23:53:17.050 [java] [DEBUG] Found {} li elementi bulana kadar swipe et in current project scope.
18-04-2023 23:53:17.050 [java] [DEBUG] Comparing 'org.example.StepImplementation.gorunurbekleXpath' and 'org.example.StepImplementation.gorunurbekleXpath'
18-04-2023 23:53:17.050 [java] [DEBUG] Found {} xpath'li element gorunur olana kadar bekle in current project scope.
18-04-2023 23:53:17.051 [java] [DEBUG] Comparing 'org.example.StepImplementation.clickXpath' and 'org.example.StepImplementation.clickXpath'
18-04-2023 23:53:17.051 [java] [DEBUG] Found {} xpath'li elemente tikla in current project scope.
18-04-2023 23:53:17.051 [java] [DEBUG] Comparing 'org.example.StepImplementation.clickRandomByxpath' and 'org.example.StepImplementation.clickRandomByxpath'
18-04-2023 23:53:17.051 [java] [DEBUG] Found {} li elementi al,bugun veya bugunden sonraki 7 gunden birine tikla in current project scope.
18-04-2023 23:53:17.054 [java] [DEBUG] Comparing 'org.example.StepImplementation.chooseRandomProduct' and 'org.example.StepImplementation.chooseRandomProduct'
18-04-2023 23:53:17.054 [java] [DEBUG] Found {} li elementi rasgele sec in current project scope.
18-04-2023 23:53:17.054 [java] [DEBUG] Comparing 'org.example.StepImplementation.gorunurbekle' and 'org.example.StepImplementation.gorunurbekle'
18-04-2023 23:53:17.054 [java] [DEBUG] Found {} li element gorunur olana kadar bekle in current project scope.
18-04-2023 23:53:17.054 [java] [DEBUG] Comparing 'org.example.StepImplementation.textControl' and 'org.example.StepImplementation.textControl'
18-04-2023 23:53:17.054 [java] [DEBUG] Found {} id'li element {} text değerini içerdiğini kontrol et in current project scope.
18-04-2023 23:53:17.054 [java] [DEBUG] Comparing 'org.example.StepImplementation.checkElement' and 'org.example.StepImplementation.checkElement'
18-04-2023 23:53:17.054 [java] [DEBUG] Found {} li elementin oldugu kontrol edilir in current project scope.
18-04-2023 23:53:17.054 [java] [DEBUG] Scanning packages for hooks
18-04-2023 23:53:17.091 [java] [DEBUG] Scanned steps (using static parsing + reflections): 
18-04-2023 23:53:17.091 [java] [DEBUG] 	{} id'li elementin text degeri bir dizine at : public void getTextListId(String key)
18-04-2023 23:53:17.091 [java] [DEBUG] 	string listenin iki elementinin esit oldugunu kontrol et : public void compareList()
18-04-2023 23:53:17.091 [java] [DEBUG] 	{} li elementi rasgele sec : public void chooseRandomProduct(String key)
18-04-2023 23:53:17.091 [java] [DEBUG] 	{} li element gorunur olana kadar bekle : public void gorunurbekle(String id)
18-04-2023 23:53:17.091 [java] [DEBUG] 	{} xpath'li elemente tikla : public void clickXpath(String element)
18-04-2023 23:53:17.091 [java] [DEBUG] 	{} li elementi al,bugun veya bugunden sonraki 7 gunden birine tikla : public void clickRandomByxpath(String xpath)
18-04-2023 23:53:17.091 [java] [DEBUG] 	{} id'li element varsa tikla : public void clickAcceptbutton(String element) throws InterruptedException
18-04-2023 23:53:17.091 [java] [DEBUG] 	{} xpath'li element gorunur olana kadar bekle : public void gorunurbekleXpath(String xpath)
18-04-2023 23:53:17.091 [java] [DEBUG] 	{} li elementi bulana kadar swipe et : public void findByKeyWithSwipe(String key)
18-04-2023 23:53:17.091 [java] [DEBUG] 	{} id'li element {} text değerini içerdiğini kontrol et : public void textControl(String key, String keyword)
18-04-2023 23:53:17.094 [java] [DEBUG] 	{} li elementin oldugu kontrol edilir : public void checkElement(String element)
18-04-2023 23:53:17.098 [java] [DEBUG] 	{} id'li elemente tikla : public void click(String element)
18-04-2023 23:53:17.098 [java] [DEBUG] 	{} saniye kadar bekle : public void waitForsecond(ınt second) throws InterruptedException
18-04-2023 23:53:17.098 [java] [DEBUG] 	{} id'li elemente {} text degerini gonder : public void sendKeys(String id, String text)
18-04-2023 23:53:17.098 [java] [DEBUG] 	{} elementin text degeri bir dizine at : public void getTextList(String key)
18-04-2023 23:53:28.699 [Gauge] [DEBUG] Validation completed.
18-04-2023 23:53:28.703 [java] [DEBUG] Killing Java runner...
18-04-2023 23:53:28.704 [java] [DEBUG] Stopping execution pool...
18-04-2023 23:53:28.704 [java] [DEBUG] Shutting down grpc server...
18-04-2023 23:53:28.718 [java] [DEBUG] Runner killed gracefully.
18-04-2023 23:53:29.803 [Gauge] [DEBUG] Runner with PID:13532 has exited
18-04-2023 23:56:08.589 [Gauge] [DEBUG] Created gauge_screenshots_dir at C:\Users\testinium\projeler\HepsiburadaOzgeAlkan\.gauge\screenshots
18-04-2023 23:56:08.610 [Gauge] [DEBUG] Plugin html-report is already installed.
18-04-2023 23:56:08.616 [Gauge] [DEBUG] Plugin java is already installed.
18-04-2023 23:56:08.621 [Gauge] [DEBUG] Parsing started.
18-04-2023 23:56:08.622 [Gauge] [DEBUG] Started concepts parsing.
18-04-2023 23:56:08.655 [Gauge] [ERROR] Concept parse failure: C:\Users\testinium\projeler\HepsiburadaOzgeAlkan\specs\Concepts\favoriler.cpt C:\Users\testinium\projeler\HepsiburadaOzgeAlkan\specs\Concepts\favoriler.cpt:2 Step should not be blank => ''
18-04-2023 23:56:08.655 [Gauge] [ERROR] Concept parse failure: C:\Users\testinium\projeler\HepsiburadaOzgeAlkan\specs\Concepts\favoriler.cpt C:\Users\testinium\projeler\HepsiburadaOzgeAlkan\specs\Concepts\login.cpt:1 Duplicate concept definition found => 'Favoriler sekmesine gitme'
18-04-2023 23:56:08.655 [Gauge] [ERROR] Concept parse failure: C:\Users\testinium\projeler\HepsiburadaOzgeAlkan\specs\Concepts\favoriler.cpt C:\Users\testinium\projeler\HepsiburadaOzgeAlkan\specs\Concepts\favoriler.cpt:1 Duplicate concept definition found => 'Favoriler sekmesine gitme'
18-04-2023 23:56:08.655 [Gauge] [ERROR] [ParseError] C:\Users\testinium\projeler\HepsiburadaOzgeAlkan\specs\Concepts\favoriler.cpt:2 Step should not be blank => ''
18-04-2023 23:56:08.655 [Gauge] [ERROR] [ParseError] C:\Users\testinium\projeler\HepsiburadaOzgeAlkan\specs\Concepts\login.cpt:1 Duplicate concept definition found => 'Favoriler sekmesine gitme'
18-04-2023 23:56:08.655 [Gauge] [ERROR] [ParseError] C:\Users\testinium\projeler\HepsiburadaOzgeAlkan\specs\Concepts\favoriler.cpt:1 Duplicate concept definition found => 'Favoriler sekmesine gitme'
18-04-2023 23:56:08.655 [Gauge] [DEBUG] 1 concepts parsing completed.
18-04-2023 23:56:08.655 [Gauge] [DEBUG] Started specifications parsing.
18-04-2023 23:56:08.666 [Gauge] [DEBUG] 1 specifications parsing completed.
18-04-2023 23:56:08.669 [Gauge] [DEBUG] Parsing completed.
18-04-2023 23:56:08.803 [java] [DEBUG] ***** Printing Properties/Env Values *****
18-04-2023 23:56:08.803 [java] [DEBUG] PATH: C:\Program Files (x86)\Common Files\Oracle\Java\javapath;C:\WINDOWS\system32;C:\WINDOWS;C:\WINDOWS\System32\Wbem;C:\WINDOWS\System32\WindowsPowerShell\v1.0\;C:\WINDOWS\System32\OpenSSH\;C:\Program Files\apache-maven-3.9.1\bin;C:\Program Files\Gauge\bin;C:\Program Files\Git\cmd;C:\Program Files\nodejs\;C:\Program Files (x86)\Micro Focus\Unified Functional Testing\bin;C:\Users\testinium\AppData\Local\Microsoft\WindowsApps;C:\Users\testinium\AppData\Roaming\npm;C:\Users\testinium\AppData\Roaming\gauge\plugins\screenshot\0.1.0
18-04-2023 23:56:08.803 [java] [DEBUG] JAVA_HOME: C:\Program Files\Java\jdk1.8.0_361
18-04-2023 23:56:08.803 [java] [DEBUG] gauge_project_root: C:\Users\testinium\projeler\HepsiburadaOzgeAlkan
18-04-2023 23:56:08.803 [java] [DEBUG] gauge_parallel_streams_count: 8
18-04-2023 23:56:08.803 [java] [DEBUG] gauge_reports_dir: reports
18-04-2023 23:56:08.803 [java] [DEBUG] overwrite_reports: true
18-04-2023 23:56:08.803 [java] [DEBUG] logs_directory: logs
18-04-2023 23:56:08.803 [java] [DEBUG] enable_multithreading: 
18-04-2023 23:56:08.803 [java] [DEBUG] gauge_specs_dir: specs
18-04-2023 23:56:08.803 [java] [DEBUG] csv_delimiter: ,
18-04-2023 23:56:08.803 [java] [DEBUG] gauge_java_home: 
18-04-2023 23:56:08.803 [java] [DEBUG] gauge_custom_build_path: 
18-04-2023 23:56:08.803 [java] [DEBUG] gauge_additional_libs: 
18-04-2023 23:56:08.803 [java] [DEBUG] gauge_jvm_args: 
18-04-2023 23:56:08.803 [java] [DEBUG] gauge_custom_compile_dir: 
18-04-2023 23:56:08.803 [java] [DEBUG] gauge_clear_state_level: 
18-04-2023 23:56:08.803 [java] [DEBUG] ***** END *****
18-04-2023 23:56:09.684 [Gauge] [DEBUG] Checking updates...
18-04-2023 23:56:09.689 [Gauge] [DEBUG] Downloading https://downloads.gauge.org/plugin/html-report?l=java&p=html-report,java,screenshot,spectacle&o=windows&a=amd64
18-04-2023 23:56:10.600 [Gauge] [DEBUG] Downloading https://downloads.gauge.org/plugin/java?l=java&p=html-report,java,screenshot,spectacle&o=windows&a=amd64
18-04-2023 23:56:10.864 [Gauge] [DEBUG] Downloading https://downloads.gauge.org/plugin/screenshot?l=java&p=html-report,java,screenshot,spectacle&o=windows&a=amd64
18-04-2023 23:56:11.103 [Gauge] [DEBUG] Downloading https://downloads.gauge.org/plugin/spectacle?l=java&p=html-report,java,screenshot,spectacle&o=windows&a=amd64
18-04-2023 23:56:24.566 [java] [ERROR] exit status 1
18-04-2023 23:56:24.572 [java] [ERROR] Installed version of gauge-java (0.9.1) does not match with dependency gauge-java () specified in pom.xml file
18-04-2023 23:56:24.572 [java] [DEBUG] classpath set to C:\Program Files\Java\jdk1.8.0_361\jre\lib\charsets.jar;C:\Program Files\Java\jdk1.8.0_361\jre\lib\deploy.jar;C:\Program Files\Java\jdk1.8.0_361\jre\lib\ext\access-bridge-64.jar;C:\Program Files\Java\jdk1.8.0_361\jre\lib\ext\cldrdata.jar;C:\Program Files\Java\jdk1.8.0_361\jre\lib\ext\dnsns.jar;C:\Program Files\Java\jdk1.8.0_361\jre\lib\ext\jaccess.jar;C:\Program Files\Java\jdk1.8.0_361\jre\lib\ext\jfxrt.jar;C:\Program Files\Java\jdk1.8.0_361\jre\lib\ext\localedata.jar;C:\Program Files\Java\jdk1.8.0_361\jre\lib\ext\nashorn.jar;C:\Program Files\Java\jdk1.8.0_361\jre\lib\ext\sunec.jar;C:\Program Files\Java\jdk1.8.0_361\jre\lib\ext\sunjce_provider.jar;C:\Program Files\Java\jdk1.8.0_361\jre\lib\ext\sunmscapi.jar;C:\Program Files\Java\jdk1.8.0_361\jre\lib\ext\sunpkcs11.jar;C:\Program Files\Java\jdk1.8.0_361\jre\lib\ext\zipfs.jar;C:\Program Files\Java\jdk1.8.0_361\jre\lib\javaws.jar;C:\Program Files\Java\jdk1.8.0_361\jre\lib\jce.jar;C:\Program Files\Java\jdk1.8.0_361\jre\lib\jfr.jar;C:\Program Files\Java\jdk1.8.0_361\jre\lib\jfxswt.jar;C:\Program Files\Java\jdk1.8.0_361\jre\lib\jsse.jar;C:\Program Files\Java\jdk1.8.0_361\jre\lib\management-agent.jar;C:\Program Files\Java\jdk1.8.0_361\jre\lib\plugin.jar;C:\Program Files\Java\jdk1.8.0_361\jre\lib\resources.jar;C:\Program Files\Java\jdk1.8.0_361\jre\lib\rt.jar;C:\Users\testinium\projeler\HepsiburadaOzgeAlkan\target\test-classes;C:\Users\testinium\.m2\repository\org\apache\logging\log4j\log4j-api\2.17.1\log4j-api-2.17.1.jar;C:\Users\testinium\.m2\repository\org\apache\logging\log4j\log4j-core\2.17.1\log4j-core-2.17.1.jar;C:\Users\testinium\.m2\repository\org\seleniumhq\selenium\selenium-java\3.141.59\selenium-java-3.141.59.jar;C:\Users\testinium\.m2\repository\org\seleniumhq\selenium\selenium-api\3.141.59\selenium-api-3.141.59.jar;C:\Users\testinium\.m2\repository\org\seleniumhq\selenium\selenium-chrome-driver\3.141.59\selenium-chrome-driver-3.141.59.jar;C:\Users\testinium\.m2\repository\org\seleniumhq\selenium\selenium-edge-driver\3.141.59\selenium-edge-driver-3.141.59.jar;C:\Users\testinium\.m2\repository\org\seleniumhq\selenium\selenium-firefox-driver\3.141.59\selenium-firefox-driver-3.141.59.jar;C:\Users\testinium\.m2\repository\org\seleniumhq\selenium\selenium-ie-driver\3.141.59\selenium-ie-driver-3.141.59.jar;C:\Users\testinium\.m2\repository\org\seleniumhq\selenium\selenium-opera-driver\3.141.59\selenium-opera-driver-3.141.59.jar;C:\Users\testinium\.m2\repository\org\seleniumhq\selenium\selenium-remote-driver\3.141.59\selenium-remote-driver-3.141.59.jar;C:\Users\testinium\.m2\repository\org\seleniumhq\selenium\selenium-safari-driver\3.141.59\selenium-safari-driver-3.141.59.jar;C:\Users\testinium\.m2\repository\org\seleniumhq\selenium\selenium-support\3.141.59\selenium-support-3.141.59.jar;C:\Users\testinium\.m2\repository\net\bytebuddy\byte-buddy\1.8.15\byte-buddy-1.8.15.jar;C:\Users\testinium\.m2\repository\org\apache\commons\commons-exec\1.3\commons-exec-1.3.jar;C:\Users\testinium\.m2\repository\com\google\guava\guava\25.0-jre\guava-25.0-jre.jar;C:\Users\testinium\.m2\repository\com\google\code\findbugs\jsr305\1.3.9\jsr305-1.3.9.jar;C:\Users\testinium\.m2\repository\org\checkerframework\checker-compat-qual\2.0.0\checker-compat-qual-2.0.0.jar;C:\Users\testinium\.m2\repository\com\google\errorprone\error_prone_annotations\2.1.3\error_prone_annotations-2.1.3.jar;C:\Users\testinium\.m2\repository\com\google\j2objc\j2objc-annotations\1.1\j2objc-annotations-1.1.jar;C:\Users\testinium\.m2\repository\org\codehaus\mojo\animal-sniffer-annotations\1.14\animal-sniffer-annotations-1.14.jar;C:\Users\testinium\.m2\repository\com\squareup\okhttp3\okhttp\3.11.0\okhttp-3.11.0.jar;C:\Users\testinium\.m2\repository\com\squareup\okio\okio\1.14.0\okio-1.14.0.jar;C:\Users\testinium\.m2\repository\org\slf4j\slf4j-log4j12\1.7.30\slf4j-log4j12-1.7.30.jar;C:\Users\testinium\.m2\repository\log4j\log4j\1.2.17\log4j-1.2.17.jar;C:\Users\testinium\.m2\repository\org\slf4j\slf4j-api\1.7.30\slf4j-api-1.7.30.jar;C:\Users\testinium\.m2\repository\org\junit\jupiter\junit-jupiter-engine\5.1.0\junit-jupiter-engine-5.1.0.jar;C:\Users\testinium\.m2\repository\org\apiguardian\apiguardian-api\1.0.0\apiguardian-api-1.0.0.jar;C:\Users\testinium\.m2\repository\org\junit\platform\junit-platform-engine\1.1.0\junit-platform-engine-1.1.0.jar;C:\Users\testinium\.m2\repository\org\junit\platform\junit-platform-commons\1.1.0\junit-platform-commons-1.1.0.jar;C:\Users\testinium\.m2\repository\org\opentest4j\opentest4j\1.0.0\opentest4j-1.0.0.jar;C:\Users\testinium\.m2\repository\org\junit\jupiter\junit-jupiter-api\5.1.0\junit-jupiter-api-5.1.0.jar;C:\Users\testinium\.m2\repository\com\thoughtworks\gauge\gauge-java\0.9.1\gauge-java-0.9.1.jar;C:\Users\testinium\.m2\repository\org\assertj\assertj-core\3.22.0\assertj-core-3.22.0.jar;C:\Users\testinium\.m2\repository\org\reflections\reflections\0.10.2\reflections-0.10.2.jar;C:\Users\testinium\.m2\repository\org\javassist\javassist\3.28.0-GA\javassist-3.28.0-GA.jar;C:\Users\testinium\.m2\repository\com\github\javaparser\javaparser-core\3.16.3\javaparser-core-3.16.3.jar;C:\Users\testinium\.m2\repository\commons-io\commons-io\2.11.0\commons-io-2.11.0.jar;C:\Users\testinium\.m2\repository\commons-lang\commons-lang\2.6\commons-lang-2.6.jar;C:\Users\testinium\.m2\repository\org\json\json\20220320\json-20220320.jar;C:\Users\testinium\.m2\repository\com\google\protobuf\protobuf-java\3.19.4\protobuf-java-3.19.4.jar;C:\Users\testinium\.m2\repository\io\grpc\grpc-netty-shaded\1.41.2\grpc-netty-shaded-1.41.2.jar;C:\Users\testinium\.m2\repository\io\perfmark\perfmark-api\0.23.0\perfmark-api-0.23.0.jar;C:\Users\testinium\.m2\repository\io\grpc\grpc-core\1.41.2\grpc-core-1.41.2.jar;C:\Users\testinium\.m2\repository\com\google\android\annotations\4.1.1.4\annotations-4.1.1.4.jar;C:\Users\testinium\.m2\repository\io\grpc\grpc-protobuf\1.41.2\grpc-protobuf-1.41.2.jar;C:\Users\testinium\.m2\repository\io\grpc\grpc-api\1.41.2\grpc-api-1.41.2.jar;C:\Users\testinium\.m2\repository\io\grpc\grpc-context\1.41.2\grpc-context-1.41.2.jar;C:\Users\testinium\.m2\repository\com\google\api\grpc\proto-google-common-protos\2.0.1\proto-google-common-protos-2.0.1.jar;C:\Users\testinium\.m2\repository\io\grpc\grpc-protobuf-lite\1.41.2\grpc-protobuf-lite-1.41.2.jar;C:\Users\testinium\.m2\repository\io\grpc\grpc-stub\1.41.2\grpc-stub-1.41.2.jar;C:\Users\testinium\.m2\repository\javax\annotation\javax.annotation-api\1.3.2\javax.annotation-api-1.3.2.jar;C:\Users\testinium\.m2\repository\io\appium\java-client\7.0.0\java-client-7.0.0.jar;C:\Users\testinium\.m2\repository\com\google\code\gson\gson\2.8.5\gson-2.8.5.jar;C:\Users\testinium\.m2\repository\org\apache\httpcomponents\httpclient\4.5.6\httpclient-4.5.6.jar;C:\Users\testinium\.m2\repository\org\apache\httpcomponents\httpcore\4.4.10\httpcore-4.4.10.jar;C:\Users\testinium\.m2\repository\commons-logging\commons-logging\1.2\commons-logging-1.2.jar;C:\Users\testinium\.m2\repository\commons-codec\commons-codec\1.10\commons-codec-1.10.jar;C:\Users\testinium\.m2\repository\cglib\cglib\3.2.8\cglib-3.2.8.jar;C:\Users\testinium\.m2\repository\org\ow2\asm\asm\6.2.1\asm-6.2.1.jar;C:\Users\testinium\.m2\repository\org\apache\ant\ant\1.10.3\ant-1.10.3.jar;C:\Users\testinium\.m2\repository\org\apache\ant\ant-launcher\1.10.3\ant-launcher-1.10.3.jar;C:\Users\testinium\.m2\repository\commons-validator\commons-validator\1.6\commons-validator-1.6.jar;C:\Users\testinium\.m2\repository\commons-beanutils\commons-beanutils\1.9.2\commons-beanutils-1.9.2.jar;C:\Users\testinium\.m2\repository\commons-digester\commons-digester\1.8.1\commons-digester-1.8.1.jar;C:\Users\testinium\.m2\repository\commons-collections\commons-collections\3.2.2\commons-collections-3.2.2.jar;C:\Users\testinium\.m2\repository\org\apache\commons\commons-lang3\3.8\commons-lang3-3.8.jar;C:\Users\testinium\.m2\repository\org\springframework\spring-context\5.1.0.RELEASE\spring-context-5.1.0.RELEASE.jar;C:\Users\testinium\.m2\repository\org\springframework\spring-aop\5.1.0.RELEASE\spring-aop-5.1.0.RELEASE.jar;C:\Users\testinium\.m2\repository\org\springframework\spring-beans\5.1.0.RELEASE\spring-beans-5.1.0.RELEASE.jar;C:\Users\testinium\.m2\repository\org\springframework\spring-core\5.1.0.RELEASE\spring-core-5.1.0.RELEASE.jar;C:\Users\testinium\.m2\repository\org\springframework\spring-jcl\5.1.0.RELEASE\spring-jcl-5.1.0.RELEASE.jar;C:\Users\testinium\.m2\repository\org\springframework\spring-expression\5.1.0.RELEASE\spring-expression-5.1.0.RELEASE.jar;C:\Users\testinium\.m2\repository\org\aspectj\aspectjweaver\1.9.1\aspectjweaver-1.9.1.jar;C:\Users\testinium\.m2\repository\junit\junit\4.13.2\junit-4.13.2.jar;C:\Users\testinium\.m2\repository\org\hamcrest\hamcrest-core\1.3\hamcrest-core-1.3.jar;C:\Users\testinium\.m2\repository\org\testng\testng\6.14.3\testng-6.14.3.jar;C:\Users\testinium\.m2\repository\com\beust\jcommander\1.72\jcommander-1.72.jar;C:\Users\testinium\.m2\repository\org\apache-extras\beanshell\bsh\2.0b6\bsh-2.0b6.jar
18-04-2023 23:56:25.625 [java] [DEBUG] found java executable in C:\Program Files\Java\jdk1.8.0_361\jre\bin\java.exe
18-04-2023 23:56:25.636 [java] [DEBUG] running - C:\Program Files\Java\jdk1.8.0_361\jre\bin\java.exe [-Dfile.encoding=UTF-8 com.thoughtworks.gauge.GaugeRuntime --start]
18-04-2023 23:56:25.636 [java] [DEBUG] stdout/stderr is logged to logs\11420-java.exe.out
18-04-2023 23:56:26.785 [java] [DEBUG] multithreading is set to false
18-04-2023 23:56:28.522 [java] [DEBUG] Using reflection to scan dependencies for gauge implementations...
18-04-2023 23:56:29.016 [java] [ERROR] log4j:WARN No appenders could be found for logger (io.grpc.netty.shaded.io.netty.util.internal.logging.InternalLoggerFactory).
18-04-2023 23:56:29.019 [java] [ERROR] log4j:WARN Please initialize the log4j system properly.
18-04-2023 23:56:29.019 [java] [ERROR] log4j:WARN See http://logging.apache.org/log4j/1.2/faq.html#noconfig for more info.
18-04-2023 23:56:37.919 [java] [DEBUG] gauge-java took 11114milliseconds to load and scan. This should be less than 'runner_connection_timeout' config value.
18-04-2023 23:56:37.933 [java] [DEBUG] run 'gauge config runner_connection_timeout' and verify that it is < 11114
18-04-2023 23:56:37.933 [java] [DEBUG] starting gRPC server...
18-04-2023 23:56:38.902 [Gauge] [CRITICAL] Failed to start gauge API: Timed out connecting to java
